{"level":"info","message":"connected...."}
{"level":"info","message":"connected...."}
{"level":"info","message":"connected...."}
{"level":"info","message":"connected...."}
{"level":"info","message":"connected...."}
{"level":"info","message":"connected...."}
{"level":"info","message":"connected...."}
{"level":"info","message":"connected...."}
{"level":"info","message":"connected...."}
{"level":"info","message":"connected...."}
{"level":"error"}
{"level":"info","message":"connected...."}
{"level":"error"}
{"level":"info","message":"connected...."}
{"level":"error"}
{"level":"info","message":"connected...."}
{"level":"error"}
{"level":"error","name":"SequelizeConnectionRefusedError","original":{"address":"127.0.0.1","code":"ECONNREFUSED","errno":"ECONNREFUSED","fatal":true,"port":3306,"syscall":"connect"},"parent":{"address":"127.0.0.1","code":"ECONNREFUSED","errno":"ECONNREFUSED","fatal":true,"port":3306,"syscall":"connect"}}
{"level":"info","message":"connected...."}
{"level":"info","message":"connected...."}
{"level":"error"}
{"level":"info","message":"connected...."}
{"level":"error"}
{"level":"info","message":"connected...."}
{"level":"error"}
{"level":"info","message":"connected...."}
{"level":"info","message":"connected...."}
{"level":"error"}
{"level":"info","message":"connected...."}
{"level":"info","message":"connected...."}
{"level":"error"}
{"level":"info","message":"connected...."}
{"level":"info","message":"connected...."}
{"level":"info","message":"connected...."}
{"level":"error"}
{"level":"info","message":"connected...."}
{"level":"error"}
{"level":"info","message":"connected...."}
{"level":"error"}
{"level":"info","message":"connected...."}
{"level":"error"}
{"level":"info","message":"connected...."}
{"level":"info","message":"connected...."}
{"level":"error"}
{"level":"info","message":"connected...."}
{"level":"error"}
{"level":"info","message":"connected...."}
{"level":"error"}
{"level":"info","message":"connected...."}
{"level":"info","message":"connected...."}
{"level":"info","message":"connected...."}
{"level":"error"}
{"level":"info","message":"connected...."}
{"level":"info","message":"connected...."}
{"level":"info","message":"connected...."}
{"level":"error"}
{"level":"info","message":"connected...."}
{"level":"info","message":"connected...."}
{"level":"error","name":"SequelizeEagerLoadingError"}
{"level":"info","message":"connected...."}
{"level":"info","message":"connected...."}
{"level":"error"}
{"level":"info","message":"connected...."}
{"level":"error"}
{"level":"info","message":"connected...."}
{"level":"info","message":"connected...."}
{"level":"info","message":"connected...."}
{"level":"info","message":"connected...."}
{"level":"info","message":"connected...."}
{"level":"error"}
{"level":"info","message":"connected...."}
{"level":"error"}
{"level":"info","message":"connected...."}
{"level":"error","name":"SequelizeEagerLoadingError"}
{"level":"info","message":"connected...."}
{"level":"error","name":"SequelizeEagerLoadingError"}
{"level":"info","message":"connected...."}
{"level":"error"}
{"level":"info","message":"connected...."}
{"level":"info","message":"connected...."}
{"level":"info","message":"connected...."}
{"level":"error","name":"SequelizeEagerLoadingError"}
{"level":"info","message":"connected...."}
{"level":"error","name":"SequelizeEagerLoadingError"}
{"level":"info","message":"connected...."}
{"level":"info","message":"connected...."}
{"level":"info","message":"connected...."}
{"level":"info","message":"connected...."}
{"level":"error"}
{"level":"info","message":"connected...."}
{"level":"error"}
{"level":"info","message":"connected...."}
{"level":"error"}
{"level":"info","message":"connected...."}
{"level":"error"}
{"level":"info","message":"connected...."}
{"level":"error"}
{"level":"info","message":"connected...."}
{"level":"info","message":"connected...."}
{"level":"error"}
{"level":"info","message":"connected...."}
{"level":"error"}
{"level":"info","message":"connected...."}
{"level":"error"}
{"level":"info","message":"connected...."}
{"level":"error"}
{"level":"error"}
{"level":"info","message":"connected...."}
{"level":"info","message":"connected...."}
{"level":"error"}
{"level":"info","message":"connected...."}
{"level":"info","message":"connected...."}
{"level":"error","name":"SequelizeEagerLoadingError"}
{"level":"info","message":"connected...."}
{"level":"info","message":"connected...."}
{"level":"info","message":"connected...."}
{"level":"info","message":"connected...."}
{"level":"error","name":"SequelizeQueryError"}
{"level":"info","message":"connected...."}
{"level":"info","message":"connected...."}
{"level":"info","message":"connected...."}
{"level":"info","message":"connected...."}
{"level":"info","message":"connected...."}
{"level":"info","message":"connected...."}
{"level":"info","message":"connected...."}
{"level":"info","message":"connected...."}
{"level":"info","message":"connected...."}
{"level":"info","message":"connected...."}
{"level":"info","message":"connected...."}
{"level":"info","message":"connected...."}
{"level":"info","message":"connected...."}
{"level":"info","message":"connected...."}
{"level":"info","message":"connected...."}
{"level":"info","message":"connected...."}
{"level":"error"}
{"level":"info","message":"connected...."}
{"level":"error"}
{"level":"info","message":"connected...."}
{"level":"error"}
{"level":"info","message":"connected...."}
{"level":"error"}
{"level":"info","message":"connected...."}
{"level":"info","message":"connected...."}
{"level":"info","message":"connected...."}
{"level":"info","message":"connected...."}
{"level":"error"}
{"level":"info","message":"connected...."}
{"level":"error"}
{"level":"info","message":"connected...."}
{"level":"error"}
{"level":"info","message":"connected...."}
{"level":"info","message":"connected...."}
{"level":"error"}
{"level":"info","message":"connected...."}
{"level":"error"}
{"level":"info","message":"connected...."}
{"level":"error"}
{"level":"info","message":"connected...."}
{"level":"error"}
{"level":"info","message":"connected...."}
{"level":"info","message":"connected...."}
{"level":"info","message":"connected...."}
{"level":"error"}
{"level":"info","message":"connected...."}
{"level":"info","message":"connected...."}
{"level":"info","message":"connected...."}
{"level":"error"}
{"level":"info","message":"connected...."}
{"level":"info","message":"connected...."}
{"level":"info","message":"connected...."}
{"level":"info","message":"connected...."}
{"level":"info","message":"connected...."}
{"level":"info","message":"connected...."}
{"level":"info","message":"connected...."}
{"level":"error"}
{"level":"error"}
{"level":"info","message":"connected...."}
{"level":"error"}
{"level":"info","message":"connected...."}
{"level":"error","name":"SequelizeQueryError"}
{"level":"info","message":"connected...."}
{"level":"error","name":"SequelizeQueryError"}
{"level":"info","message":"connected...."}
{"level":"info","message":"connected...."}
{"level":"info","message":"connected...."}
{"level":"error"}
{"level":"info","message":"connected...."}
{"level":"error"}
{"level":"info","message":"connected...."}
{"level":"error"}
{"level":"info","message":"connected...."}
{"level":"error"}
{"level":"info","message":"connected...."}
{"level":"error"}
{"level":"info","message":"connected...."}
{"level":"error"}
{"level":"info","message":"connected...."}
{"level":"info","message":"connected...."}
{"level":"info","message":"connected...."}
{"level":"error"}
{"level":"info","message":"connected...."}
{"level":"info","message":"connected...."}
{"level":"error"}
{"level":"info","message":"connected...."}
{"level":"info","message":"connected...."}
{"level":"error","name":"SequelizeDatabaseError","original":{"code":"ER_BAD_FIELD_ERROR","errno":1054,"sql":"SELECT `id`, `categoryname`, `createdAt`, `updatedAt` FROM `tb_categories` AS `tb_category` WHERE `tb_category`.`returncategoryname` = true LIMIT 1;","sqlMessage":"Unknown column 'tb_category.returncategoryname' in 'where clause'","sqlState":"42S22"},"parameters":{},"parent":{"code":"ER_BAD_FIELD_ERROR","errno":1054,"sql":"SELECT `id`, `categoryname`, `createdAt`, `updatedAt` FROM `tb_categories` AS `tb_category` WHERE `tb_category`.`returncategoryname` = true LIMIT 1;","sqlMessage":"Unknown column 'tb_category.returncategoryname' in 'where clause'","sqlState":"42S22"},"sql":"SELECT `id`, `categoryname`, `createdAt`, `updatedAt` FROM `tb_categories` AS `tb_category` WHERE `tb_category`.`returncategoryname` = true LIMIT 1;"}
{"level":"info","message":"connected...."}
{"level":"error","name":"SequelizeEagerLoadingError"}
{"level":"info","message":"connected...."}
{"level":"error","name":"SequelizeEagerLoadingError"}
{"level":"info","message":"connected...."}
{"level":"error"}
{"level":"info","message":"connected...."}
{"level":"info","message":"connected...."}
{"level":"info","message":"connected...."}
{"level":"error"}
{"level":"info","message":"connected...."}
{"level":"error"}
{"level":"info","message":"connected...."}
{"level":"error"}
{"level":"info","message":"connected...."}
{"level":"info","message":"connected...."}
{"level":"error"}
{"level":"info","message":"connected...."}
{"level":"info","message":"connected...."}
{"level":"error"}
{"level":"info","message":"connected...."}
{"level":"error"}
{"level":"info","message":"connected...."}
{"level":"error","name":"SequelizeConnectionRefusedError","original":{"address":"127.0.0.1","code":"ECONNREFUSED","errno":"ECONNREFUSED","fatal":true,"port":3306,"syscall":"connect"},"parent":{"address":"127.0.0.1","code":"ECONNREFUSED","errno":"ECONNREFUSED","fatal":true,"port":3306,"syscall":"connect"}}
{"level":"info","message":"connected...."}
{"level":"info","message":"connected...."}
{"level":"info","message":"connected...."}
{"level":"info","message":"connected...."}
{"level":"info","message":"connected...."}
{"level":"info","message":"connected...."}
{"level":"error"}
{"level":"info","message":"connected...."}
{"level":"error"}
{"level":"info","message":"connected...."}
{"level":"error"}
{"level":"info","message":"connected...."}
{"level":"info","message":"connected...."}
{"level":"error"}
{"level":"info","message":"connected...."}
{"level":"error"}
{"level":"info","message":"connected...."}
{"level":"error"}
{"level":"info","message":"connected...."}
{"level":"error"}
{"level":"info","message":"connected...."}
{"level":"error"}
{"level":"info","message":"connected...."}
{"level":"info","message":"connected...."}
{"level":"error"}
{"level":"info","message":"connected...."}
{"level":"error"}
{"level":"info","message":"connected...."}
{"level":"error"}
{"level":"info","message":"connected...."}
{"level":"error"}
{"level":"info","message":"connected...."}
{"level":"error"}
{"level":"info","message":"connected...."}
{"level":"info","message":"connected...."}
{"level":"error"}
{"level":"info","message":"connected...."}
{"level":"error"}
{"level":"info","message":"connected...."}
{"level":"error"}
{"level":"info","message":"connected...."}
{"level":"error"}
{"level":"info","message":"connected...."}
{"level":"error"}
{"level":"info","message":"connected...."}
{"level":"error","name":"SequelizeDatabaseError","original":{"code":"ER_BAD_FIELD_ERROR","errno":1054,"sql":"SELECT `id` FROM `tb_categories` AS `tb_category` WHERE `tb_category`.`name` = 'html';","sqlMessage":"Unknown column 'tb_category.name' in 'where clause'","sqlState":"42S22"},"parameters":{},"parent":{"code":"ER_BAD_FIELD_ERROR","errno":1054,"sql":"SELECT `id` FROM `tb_categories` AS `tb_category` WHERE `tb_category`.`name` = 'html';","sqlMessage":"Unknown column 'tb_category.name' in 'where clause'","sqlState":"42S22"},"sql":"SELECT `id` FROM `tb_categories` AS `tb_category` WHERE `tb_category`.`name` = 'html';"}
{"level":"info","message":"connected...."}
{"level":"error","name":"SequelizeDatabaseError","original":{"code":"ER_BAD_FIELD_ERROR","errno":1054,"sql":"SELECT `id` FROM `tb_categories` AS `tb_category` WHERE `tb_category`.`name` = 'html';","sqlMessage":"Unknown column 'tb_category.name' in 'where clause'","sqlState":"42S22"},"parameters":{},"parent":{"code":"ER_BAD_FIELD_ERROR","errno":1054,"sql":"SELECT `id` FROM `tb_categories` AS `tb_category` WHERE `tb_category`.`name` = 'html';","sqlMessage":"Unknown column 'tb_category.name' in 'where clause'","sqlState":"42S22"},"sql":"SELECT `id` FROM `tb_categories` AS `tb_category` WHERE `tb_category`.`name` = 'html';"}
{"level":"info","message":"connected...."}
{"level":"error"}
{"level":"info","message":"connected...."}
{"level":"info","message":"connected...."}
{"level":"info","message":"connected...."}
{"level":"info","message":"connected...."}
{"level":"error"}
{"level":"info","message":"connected...."}
{"level":"info","message":"connected...."}
{"level":"info","message":"connected...."}
{"level":"info","message":"connected...."}
{"level":"info","message":"connected...."}
{"level":"info","message":"connected...."}
{"level":"info","message":"connected...."}
{"level":"info","message":"connected...."}
{"level":"info","message":"connected...."}
{"level":"info","message":"connected...."}
{"level":"info","message":"connected...."}
{"level":"info","message":"connected...."}
{"level":"info","message":"connected...."}
{"level":"info","message":"connected...."}
{"level":"info","message":"connected...."}
{"level":"info","message":"connected...."}
